# JRE version: Java(TM) SE Runtime Environment (8.0_161-b12) (build 1.8.0_161-b12)
# Java VM: Java HotSpot(TM) 64-Bit Server VM (25.161-b12 mixed mode windows-amd64 compressed oops)
Heap:
 PSYoungGen      total 102912K, used 61860K [0x000000076b800000, 0x0000000775e80000, 0x00000007c0000000)
  eden space 42496K, 32% used [0x000000076b800000,0x000000076c57d4a0,0x000000076e180000)
  from space 60416K, 79% used [0x000000076e200000,0x00000007710ebd08,0x0000000771d00000)
  to   space 64000K, 0% used [0x0000000772000000,0x0000000772000000,0x0000000775e80000)
 ParOldGen       total 99840K, used 62291K [0x00000006c2800000, 0x00000006c8980000, 0x000000076b800000)
  object space 99840K, 62% used [0x00000006c2800000,0x00000006c64d4df0,0x00000006c8980000)
 Metaspace       used 32452K, capacity 32856K, committed 33152K, reserved 1079296K
  class space    used 3737K, capacity 3865K, committed 3968K, reserved 1048576K
GC Heap History (10 events):
Event: 232.924 GC heap before
{Heap before GC invocations=14 (full 1):
 PSYoungGen      total 97280K, used 89503K [0x000000076b800000, 0x0000000774800000, 0x00000007c0000000)
  eden space 53760K, 100% used [0x000000076b800000,0x000000076ec80000,0x000000076ec80000)
  from space 43520K, 82% used [0x0000000771980000,0x0000000773c67fe8,0x0000000774400000)
  to   space 46080K, 0% used [0x000000076ec80000,0x000000076ec80000,0x0000000771980000)
 ParOldGen       total 99840K, used 62267K [0x00000006c2800000, 0x00000006c8980000, 0x000000076b800000)
  object space 99840K, 62% used [0x00000006c2800000,0x00000006c64cedf0,0x00000006c8980000)
 Metaspace       used 32314K, capacity 32728K, committed 33152K, reserved 1079296K
  class space    used 3737K, capacity 3865K, committed 3968K, reserved 1048576K
Event: 232.935 GC heap after
Heap after GC invocations=14 (full 1):
 PSYoungGen      total 99328K, used 33032K [0x000000076b800000, 0x0000000774800000, 0x00000007c0000000)
  eden space 53248K, 0% used [0x000000076b800000,0x000000076b800000,0x000000076ec00000)
  from space 46080K, 71% used [0x000000076ec80000,0x0000000770cc2058,0x0000000771980000)
  to   space 47104K, 0% used [0x0000000771a00000,0x0000000771a00000,0x0000000774800000)
 ParOldGen       total 99840K, used 62275K [0x00000006c2800000, 0x00000006c8980000, 0x000000076b800000)
  object space 99840K, 62% used [0x00000006c2800000,0x00000006c64d0df0,0x00000006c8980000)
 Metaspace       used 32314K, capacity 32728K, committed 33152K, reserved 1079296K
  class space    used 3737K, capacity 3865K, committed 3968K, reserved 1048576K
}
Event: 245.625 GC heap before
{Heap before GC invocations=15 (full 1):
 PSYoungGen      total 99328K, used 86280K [0x000000076b800000, 0x0000000774800000, 0x00000007c0000000)
  eden space 53248K, 100% used [0x000000076b800000,0x000000076ec00000,0x000000076ec00000)
  from space 46080K, 71% used [0x000000076ec80000,0x0000000770cc2058,0x0000000771980000)
  to   space 47104K, 0% used [0x0000000771a00000,0x0000000771a00000,0x0000000774800000)
 ParOldGen       total 99840K, used 62275K [0x00000006c2800000, 0x00000006c8980000, 0x000000076b800000)
  object space 99840K, 62% used [0x00000006c2800000,0x00000006c64d0df0,0x00000006c8980000)
 Metaspace       used 32342K, capacity 32728K, committed 33152K, reserved 1079296K
  class space    used 3737K, capacity 3865K, committed 3968K, reserved 1048576K
Event: 245.641 GC heap after
Heap after GC invocations=15 (full 1):
 PSYoungGen      total 95744K, used 44306K [0x000000076b800000, 0x0000000775080000, 0x00000007c0000000)
  eden space 48640K, 0% used [0x000000076b800000,0x000000076b800000,0x000000076e780000)
  from space 47104K, 94% used [0x0000000771a00000,0x0000000774544aa8,0x0000000774800000)
  to   space 51712K, 0% used [0x000000076e780000,0x000000076e780000,0x0000000771a00000)
 ParOldGen       total 99840K, used 62283K [0x00000006c2800000, 0x00000006c8980000, 0x000000076b800000)
  object space 99840K, 62% used [0x00000006c2800000,0x00000006c64d2df0,0x00000006c8980000)
 Metaspace       used 32342K, capacity 32728K, committed 33152K, reserved 1079296K
  class space    used 3737K, capacity 3865K, committed 3968K, reserved 1048576K
}
Event: 269.996 GC heap before
{Heap before GC invocations=16 (full 1):
 PSYoungGen      total 95744K, used 88380K [0x000000076b800000, 0x0000000775080000, 0x00000007c0000000)
  eden space 48640K, 90% used [0x000000076b800000,0x000000076e30a680,0x000000076e780000)
  from space 47104K, 94% used [0x0000000771a00000,0x0000000774544aa8,0x0000000774800000)
  to   space 51712K, 0% used [0x000000076e780000,0x000000076e780000,0x0000000771a00000)
 ParOldGen       total 99840K, used 62283K [0x00000006c2800000, 0x00000006c8980000, 0x000000076b800000)
  object space 99840K, 62% used [0x00000006c2800000,0x00000006c64d2df0,0x00000006c8980000)
 Metaspace       used 32381K, capacity 32792K, committed 33152K, reserved 1079296K
  class space    used 3737K, capacity 3865K, committed 3968K, reserved 1048576K
Event: 270.007 GC heap after
Heap after GC invocations=16 (full 1):
 PSYoungGen      total 99840K, used 44112K [0x000000076b800000, 0x0000000775300000, 0x00000007c0000000)
  eden space 48128K, 0% used [0x000000076b800000,0x000000076b800000,0x000000076e700000)
  from space 51712K, 85% used [0x000000076e780000,0x0000000771294208,0x0000000771a00000)
  to   space 55296K, 0% used [0x0000000771d00000,0x0000000771d00000,0x0000000775300000)
 ParOldGen       total 99840K, used 62291K [0x00000006c2800000, 0x00000006c8980000, 0x000000076b800000)
  object space 99840K, 62% used [0x00000006c2800000,0x00000006c64d4df0,0x00000006c8980000)
 Metaspace       used 32381K, capacity 32792K, committed 33152K, reserved 1079296K
  class space    used 3737K, capacity 3865K, committed 3968K, reserved 1048576K
}
Event: 282.436 GC heap before
{Heap before GC invocations=17 (full 1):
 PSYoungGen      total 99840K, used 92240K [0x000000076b800000, 0x0000000775300000, 0x00000007c0000000)
  eden space 48128K, 100% used [0x000000076b800000,0x000000076e700000,0x000000076e700000)
  from space 51712K, 85% used [0x000000076e780000,0x0000000771294208,0x0000000771a00000)
  to   space 55296K, 0% used [0x0000000771d00000,0x0000000771d00000,0x0000000775300000)
 ParOldGen       total 99840K, used 62291K [0x00000006c2800000, 0x00000006c8980000, 0x000000076b800000)
  object space 99840K, 62% used [0x00000006c2800000,0x00000006c64d4df0,0x00000006c8980000)
 Metaspace       used 32401K, capacity 32856K, committed 33152K, reserved 1079296K
  class space    used 3737K, capacity 3865K, committed 3968K, reserved 1048576K
Event: 282.450 GC heap after
Heap after GC invocations=17 (full 1):
 PSYoungGen      total 98304K, used 50147K [0x000000076b800000, 0x0000000775c80000, 0x00000007c0000000)
  eden space 43008K, 0% used [0x000000076b800000,0x000000076b800000,0x000000076e200000)
  from space 55296K, 90% used [0x0000000771d00000,0x0000000774df8f88,0x0000000775300000)
  to   space 60416K, 0% used [0x000000076e200000,0x000000076e200000,0x0000000771d00000)
 ParOldGen       total 99840K, used 62291K [0x00000006c2800000, 0x00000006c8980000, 0x000000076b800000)
  object space 99840K, 62% used [0x00000006c2800000,0x00000006c64d4df0,0x00000006c8980000)
 Metaspace       used 32401K, capacity 32856K, committed 33152K, reserved 1079296K
  class space    used 3737K, capacity 3865K, committed 3968K, reserved 1048576K
}
Event: 295.334 GC heap before
{Heap before GC invocations=18 (full 1):
 PSYoungGen      total 98304K, used 93155K [0x000000076b800000, 0x0000000775c80000, 0x00000007c0000000)
  eden space 43008K, 100% used [0x000000076b800000,0x000000076e200000,0x000000076e200000)
  from space 55296K, 90% used [0x0000000771d00000,0x0000000774df8f88,0x0000000775300000)
  to   space 60416K, 0% used [0x000000076e200000,0x000000076e200000,0x0000000771d00000)
 ParOldGen       total 99840K, used 62291K [0x00000006c2800000, 0x00000006c8980000, 0x000000076b800000)
  object space 99840K, 62% used [0x00000006c2800000,0x00000006c64d4df0,0x00000006c8980000)
 Metaspace       used 32418K, capacity 32856K, committed 33152K, reserved 1079296K
  class space    used 3737K, capacity 3865K, committed 3968K, reserved 1048576K
Event: 295.346 GC heap after
Heap after GC invocations=18 (full 1):
 PSYoungGen      total 102912K, used 48047K [0x000000076b800000, 0x0000000775e80000, 0x00000007c0000000)
  eden space 42496K, 0% used [0x000000076b800000,0x000000076b800000,0x000000076e180000)
  from space 60416K, 79% used [0x000000076e200000,0x00000007710ebd08,0x0000000771d00000)
  to   space 64000K, 0% used [0x0000000772000000,0x0000000772000000,0x0000000775e80000)
 ParOldGen       total 99840K, used 62291K [0x00000006c2800000, 0x00000006c8980000, 0x000000076b800000)
  object space 99840K, 62% used [0x00000006c2800000,0x00000006c64d4df0,0x00000006c8980000)
 Metaspace       used 32418K, capacity 32856K, committed 33152K, reserved 1079296K
  class space    used 3737K, capacity 3865K, committed 3968K, reserved 1048576K
}

